<?xml version="1.0" encoding="UTF-8"?>
<testng-results ignored="0" total="1" passed="1" failed="0" skipped="0">
  <reporter-output>
  </reporter-output>
  <suite started-at="2022-04-02T10:06:14 EDT" name="Default suite" finished-at="2022-04-02T10:06:25 EDT" duration-ms="10924">
    <groups>
    </groups>
    <test started-at="2022-04-02T10:06:14 EDT" name="Default test" finished-at="2022-04-02T10:06:25 EDT" duration-ms="10924">
      <class name="MavenProject.ExtentReports.SampleTest">
        <test-method is-config="true" signature="config()[pri:0, instance:MavenProject.ExtentReports.SampleTest@49049a04]" started-at="2022-04-02T10:06:14 EDT" name="config" finished-at="2022-04-02T10:06:15 EDT" duration-ms="367" status="PASS">
          <reporter-output>
          </reporter-output>
        </test-method> <!-- config -->
        <test-method signature="test1()[pri:0, instance:MavenProject.ExtentReports.SampleTest@49049a04]" started-at="2022-04-02T10:06:15 EDT" name="test1" finished-at="2022-04-02T10:06:25 EDT" duration-ms="10504" status="PASS">
          <reporter-output>
          </reporter-output>
        </test-method> <!-- test1 -->
      </class> <!-- MavenProject.ExtentReports.SampleTest -->
    </test> <!-- Default test -->
  </suite> <!-- Default suite -->
</testng-results>
